<?xml version="1.0" encoding="UTF-8"?>
<testsuite xmlns:xsi="http://www.w3.org/2001/XMLSchema-instance" xsi:noNamespaceSchemaLocation="https://maven.apache.org/surefire/maven-surefire-plugin/xsd/surefire-test-report.xsd" name="cs305_pro.acadofficeTest" time="1.381" tests="1" errors="1" skipped="0" failures="0">
  <properties>
    <property name="java.specification.version" value="17"/>
    <property name="sun.cpu.isalist" value="amd64"/>
    <property name="sun.jnu.encoding" value="Cp1252"/>
    <property name="java.class.path" value="D:\cs305 final project midsem\pro_cs305\target\test-classes;D:\cs305 final project midsem\pro_cs305\target\classes;C:\Users\DELL\.m2\repository\org\mockito\mockito-core\3.2.4\mockito-core-3.2.4.jar;C:\Users\DELL\.m2\repository\net\bytebuddy\byte-buddy\1.10.5\byte-buddy-1.10.5.jar;C:\Users\DELL\.m2\repository\net\bytebuddy\byte-buddy-agent\1.10.5\byte-buddy-agent-1.10.5.jar;C:\Users\DELL\.m2\repository\org\objenesis\objenesis\2.6\objenesis-2.6.jar;C:\Users\DELL\.m2\repository\junit\junit\4.11\junit-4.11.jar;C:\Users\DELL\.m2\repository\org\hamcrest\hamcrest-core\1.3\hamcrest-core-1.3.jar;C:\Users\DELL\.m2\repository\org\postgresql\postgresql\42.5.3\postgresql-42.5.3.jar;C:\Users\DELL\.m2\repository\org\checkerframework\checker-qual\3.5.0\checker-qual-3.5.0.jar;C:\Users\DELL\.m2\repository\org\assertj\assertj-core\3.13.2\assertj-core-3.13.2.jar;"/>
    <property name="java.vm.vendor" value="Oracle Corporation"/>
    <property name="sun.arch.data.model" value="64"/>
    <property name="user.variant" value=""/>
    <property name="java.vendor.url" value="https://java.oracle.com/"/>
    <property name="user.timezone" value="Asia/Calcutta"/>
    <property name="os.name" value="Windows 11"/>
    <property name="java.vm.specification.version" value="17"/>
    <property name="sun.java.launcher" value="SUN_STANDARD"/>
    <property name="user.country" value="IN"/>
    <property name="sun.boot.library.path" value="C:\Program Files\Java\jdk-17.0.2\bin"/>
    <property name="sun.java.command" value="C:\Users\DELL\AppData\Local\Temp\surefire9319218088716053207\surefirebooter13268923647552795327.jar C:\Users\DELL\AppData\Local\Temp\surefire9319218088716053207 2023-03-07T22-04-24_271-jvmRun1 surefire9487233292696212146tmp surefire_01765753492943243710tmp"/>
    <property name="jdk.debug" value="release"/>
    <property name="surefire.test.class.path" value="D:\cs305 final project midsem\pro_cs305\target\test-classes;D:\cs305 final project midsem\pro_cs305\target\classes;C:\Users\DELL\.m2\repository\org\mockito\mockito-core\3.2.4\mockito-core-3.2.4.jar;C:\Users\DELL\.m2\repository\net\bytebuddy\byte-buddy\1.10.5\byte-buddy-1.10.5.jar;C:\Users\DELL\.m2\repository\net\bytebuddy\byte-buddy-agent\1.10.5\byte-buddy-agent-1.10.5.jar;C:\Users\DELL\.m2\repository\org\objenesis\objenesis\2.6\objenesis-2.6.jar;C:\Users\DELL\.m2\repository\junit\junit\4.11\junit-4.11.jar;C:\Users\DELL\.m2\repository\org\hamcrest\hamcrest-core\1.3\hamcrest-core-1.3.jar;C:\Users\DELL\.m2\repository\org\postgresql\postgresql\42.5.3\postgresql-42.5.3.jar;C:\Users\DELL\.m2\repository\org\checkerframework\checker-qual\3.5.0\checker-qual-3.5.0.jar;C:\Users\DELL\.m2\repository\org\assertj\assertj-core\3.13.2\assertj-core-3.13.2.jar;"/>
    <property name="sun.cpu.endian" value="little"/>
    <property name="user.home" value="C:\Users\DELL"/>
    <property name="user.language" value="en"/>
    <property name="java.specification.vendor" value="Oracle Corporation"/>
    <property name="java.version.date" value="2022-01-18"/>
    <property name="java.home" value="C:\Program Files\Java\jdk-17.0.2"/>
    <property name="file.separator" value="\"/>
    <property name="basedir" value="D:\cs305 final project midsem\pro_cs305"/>
    <property name="java.vm.compressedOopsMode" value="32-bit"/>
    <property name="line.separator" value="&#10;"/>
    <property name="java.vm.specification.vendor" value="Oracle Corporation"/>
    <property name="java.specification.name" value="Java Platform API Specification"/>
    <property name="surefire.real.class.path" value="C:\Users\DELL\AppData\Local\Temp\surefire9319218088716053207\surefirebooter13268923647552795327.jar"/>
    <property name="user.script" value=""/>
    <property name="sun.management.compiler" value="HotSpot 64-Bit Tiered Compilers"/>
    <property name="java.runtime.version" value="17.0.2+8-LTS-86"/>
    <property name="user.name" value="DELL"/>
    <property name="path.separator" value=";"/>
    <property name="os.version" value="10.0"/>
    <property name="java.runtime.name" value="Java(TM) SE Runtime Environment"/>
    <property name="file.encoding" value="Cp1252"/>
    <property name="java.vm.name" value="Java HotSpot(TM) 64-Bit Server VM"/>
    <property name="localRepository" value="C:\Users\DELL\.m2\repository"/>
    <property name="java.vendor.url.bug" value="https://bugreport.java.com/bugreport/"/>
    <property name="java.io.tmpdir" value="C:\Users\DELL\AppData\Local\Temp\"/>
    <property name="java.version" value="17.0.2"/>
    <property name="user.dir" value="D:\cs305 final project midsem\pro_cs305"/>
    <property name="os.arch" value="amd64"/>
    <property name="java.vm.specification.name" value="Java Virtual Machine Specification"/>
    <property name="sun.os.patch.level" value=""/>
    <property name="native.encoding" value="Cp1252"/>
    <property name="java.library.path" value="C:\Program Files\Java\jdk-17.0.2\bin;C:\WINDOWS\Sun\Java\bin;C:\WINDOWS\system32;C:\WINDOWS;C:\Program Files\Common Files\Oracle\Java\javapath;C:\Windows\system32;C:\Windows;C:\Windows\System32\Wbem;C:\Windows\System32\WindowsPowerShell\v1.0\;C:\Windows\System32\OpenSSH\;C:\Program Files\NVIDIA Corporation\NVIDIA NvDLISR;C:\MinGW\bin;C:\WINDOWS\system32;C:\WINDOWS;C:\WINDOWS\System32\Wbem;C:\WINDOWS\System32\WindowsPowerShell\v1.0\;C:\WINDOWS\System32\OpenSSH\;C:\Program Files\dotnet\;C:\MinGW\bin;C:\Program Files\PostgreSQL\15\bin;C:\Program Files\Git\cmd;C:\Program Files\Java\jdk-17.0.2\bin;C:\apache-maven-3.9.0-bin\apache-maven-3.9.0\bin;C:\Program Files\Java\jdk-19\bin;.;C:\Users\DELL\AppData\Local\Programs\Microsoft VS Code\bin;."/>
    <property name="java.vm.info" value="mixed mode, sharing"/>
    <property name="java.vendor" value="Oracle Corporation"/>
    <property name="java.vm.version" value="17.0.2+8-LTS-86"/>
    <property name="sun.io.unicode.encoding" value="UnicodeLittle"/>
    <property name="java.class.version" value="61.0"/>
  </properties>
  <testcase name="testViewGradesOfAllStudents" classname="cs305_pro.acadofficeTest" time="1.31">
    <error message="Cannot invoke &quot;java.sql.PreparedStatement.executeQuery()&quot; because &quot;statement&quot; is null" type="java.lang.NullPointerException">java.lang.NullPointerException: Cannot invoke "java.sql.PreparedStatement.executeQuery()" because "statement" is null
	at cs305_pro.acadofficeTest.testViewGradesOfAllStudents(acadofficeTest.java:64)
</error>
  </testcase>
</testsuite>